{"D:\\monorepo-pnpm\\packages\\pkga\\index.ts": {"path":"D:\\monorepo-pnpm\\packages\\pkga\\index.ts","all":true,"statementMap":{"0":{"start":{"line":1,"column":0},"end":{"line":1,"column":48}},"1":{"start":{"line":2,"column":0},"end":{"line":2,"column":98}}},"s":{"0":0,"1":0},"branchMap":{"0":{"type":"branch","line":1,"loc":{"start":{"line":1,"column":148},"end":{"line":2,"column":98}},"locations":[{"start":{"line":1,"column":148},"end":{"line":2,"column":98}}]}},"b":{"0":[0]},"fnMap":{"0":{"name":"(empty-report)","decl":{"start":{"line":1,"column":148},"end":{"line":2,"column":98}},"loc":{"start":{"line":1,"column":148},"end":{"line":2,"column":98}},"line":1}},"f":{"0":0}}
,"D:\\monorepo-pnpm\\packages\\pkga\\dist\\index.js": {"path":"D:\\monorepo-pnpm\\packages\\pkga\\dist\\index.js","all":true,"statementMap":{"0":{"start":{"line":1,"column":0},"end":{"line":1,"column":13}},"1":{"start":{"line":2,"column":0},"end":{"line":2,"column":62}},"2":{"start":{"line":3,"column":0},"end":{"line":3,"column":41}},"3":{"start":{"line":4,"column":0},"end":{"line":4,"column":50}},"4":{"start":{"line":5,"column":0},"end":{"line":5,"column":24}},"5":{"start":{"line":6,"column":0},"end":{"line":6,"column":103}},"6":{"start":{"line":7,"column":0},"end":{"line":7,"column":24}}},"s":{"0":0,"1":0,"2":0,"3":0,"4":0,"5":0,"6":0},"branchMap":{"0":{"type":"branch","line":1,"loc":{"start":{"line":1,"column":323},"end":{"line":7,"column":24}},"locations":[{"start":{"line":1,"column":323},"end":{"line":7,"column":24}}]}},"b":{"0":[0]},"fnMap":{"0":{"name":"(empty-report)","decl":{"start":{"line":1,"column":323},"end":{"line":7,"column":24}},"loc":{"start":{"line":1,"column":323},"end":{"line":7,"column":24}},"line":1}},"f":{"0":0}}
,"D:\\monorepo-pnpm\\packages\\pkgb\\index.ts": {"path":"D:\\monorepo-pnpm\\packages\\pkgb\\index.ts","all":true,"statementMap":{"1":{"start":{"line":2,"column":0},"end":{"line":2,"column":30}},"3":{"start":{"line":4,"column":0},"end":{"line":4,"column":41}}},"s":{"1":0,"3":0},"branchMap":{"0":{"type":"branch","line":1,"loc":{"start":{"line":1,"column":23},"end":{"line":4,"column":-4}},"locations":[{"start":{"line":1,"column":23},"end":{"line":4,"column":-4}}]}},"b":{"0":[1]},"fnMap":{"0":{"name":"(empty-report)","decl":{"start":{"line":1,"column":23},"end":{"line":4,"column":-4}},"loc":{"start":{"line":1,"column":23},"end":{"line":4,"column":-4}},"line":1}},"f":{"0":1}}
,"D:\\monorepo-pnpm\\packages\\pkgb\\dist\\pkga\\index.js": {"path":"D:\\monorepo-pnpm\\packages\\pkgb\\dist\\pkga\\index.js","all":true,"statementMap":{"0":{"start":{"line":1,"column":0},"end":{"line":1,"column":13}},"1":{"start":{"line":2,"column":0},"end":{"line":2,"column":62}},"2":{"start":{"line":3,"column":0},"end":{"line":3,"column":41}},"3":{"start":{"line":4,"column":0},"end":{"line":4,"column":50}},"4":{"start":{"line":5,"column":0},"end":{"line":5,"column":24}},"5":{"start":{"line":6,"column":0},"end":{"line":6,"column":103}},"6":{"start":{"line":7,"column":0},"end":{"line":7,"column":24}}},"s":{"0":0,"1":0,"2":0,"3":0,"4":0,"5":0,"6":0},"branchMap":{"0":{"type":"branch","line":1,"loc":{"start":{"line":1,"column":323},"end":{"line":7,"column":24}},"locations":[{"start":{"line":1,"column":323},"end":{"line":7,"column":24}}]}},"b":{"0":[0]},"fnMap":{"0":{"name":"(empty-report)","decl":{"start":{"line":1,"column":323},"end":{"line":7,"column":24}},"loc":{"start":{"line":1,"column":323},"end":{"line":7,"column":24}},"line":1}},"f":{"0":0}}
,"D:\\monorepo-pnpm\\packages\\pkgb\\dist\\pkgb\\index.js": {"path":"D:\\monorepo-pnpm\\packages\\pkgb\\dist\\pkgb\\index.js","all":true,"statementMap":{"0":{"start":{"line":1,"column":0},"end":{"line":1,"column":13}},"1":{"start":{"line":2,"column":0},"end":{"line":2,"column":62}},"2":{"start":{"line":3,"column":0},"end":{"line":3,"column":23}},"3":{"start":{"line":4,"column":0},"end":{"line":4,"column":21}},"4":{"start":{"line":5,"column":0},"end":{"line":5,"column":32}},"5":{"start":{"line":6,"column":0},"end":{"line":6,"column":60}},"6":{"start":{"line":7,"column":0},"end":{"line":7,"column":22}}},"s":{"0":0,"1":0,"2":0,"3":0,"4":0,"5":0,"6":0},"branchMap":{"0":{"type":"branch","line":1,"loc":{"start":{"line":1,"column":239},"end":{"line":7,"column":22}},"locations":[{"start":{"line":1,"column":239},"end":{"line":7,"column":22}}]}},"b":{"0":[0]},"fnMap":{"0":{"name":"(empty-report)","decl":{"start":{"line":1,"column":239},"end":{"line":7,"column":22}},"loc":{"start":{"line":1,"column":239},"end":{"line":7,"column":22}},"line":1}},"f":{"0":0}}
,"D:\\monorepo-pnpm\\packages\\pkgc\\index.ts": {"path":"D:\\monorepo-pnpm\\packages\\pkgc\\index.ts","all":true,"statementMap":{"0":{"start":{"line":1,"column":0},"end":{"line":1,"column":42}},"1":{"start":{"line":2,"column":0},"end":{"line":2,"column":47}}},"s":{"0":0,"1":0},"branchMap":{"0":{"type":"branch","line":1,"loc":{"start":{"line":1,"column":91},"end":{"line":2,"column":47}},"locations":[{"start":{"line":1,"column":91},"end":{"line":2,"column":47}}]}},"b":{"0":[0]},"fnMap":{"0":{"name":"(empty-report)","decl":{"start":{"line":1,"column":91},"end":{"line":2,"column":47}},"loc":{"start":{"line":1,"column":91},"end":{"line":2,"column":47}},"line":1}},"f":{"0":0}}
,"D:\\monorepo-pnpm\\packages\\pkgc\\dist\\index.js": {"path":"D:\\monorepo-pnpm\\packages\\pkgc\\dist\\index.js","all":true,"statementMap":{"0":{"start":{"line":1,"column":0},"end":{"line":1,"column":13}},"1":{"start":{"line":2,"column":0},"end":{"line":2,"column":62}},"2":{"start":{"line":3,"column":0},"end":{"line":3,"column":41}},"3":{"start":{"line":4,"column":0},"end":{"line":4,"column":44}},"4":{"start":{"line":5,"column":0},"end":{"line":5,"column":18}},"5":{"start":{"line":6,"column":0},"end":{"line":6,"column":50}},"6":{"start":{"line":7,"column":0},"end":{"line":7,"column":30}}},"s":{"0":0,"1":0,"2":0,"3":0,"4":0,"5":0,"6":0},"branchMap":{"0":{"type":"branch","line":1,"loc":{"start":{"line":1,"column":264},"end":{"line":7,"column":30}},"locations":[{"start":{"line":1,"column":264},"end":{"line":7,"column":30}}]}},"b":{"0":[0]},"fnMap":{"0":{"name":"(empty-report)","decl":{"start":{"line":1,"column":264},"end":{"line":7,"column":30}},"loc":{"start":{"line":1,"column":264},"end":{"line":7,"column":30}},"line":1}},"f":{"0":0}}
,"D:\\monorepo-pnpm\\packages\\pkgd\\dist\\pkgd.cjs": {"path":"D:\\monorepo-pnpm\\packages\\pkgd\\dist\\pkgd.cjs","all":true,"statementMap":{"0":{"start":{"line":1,"column":0},"end":{"line":1,"column":214}}},"s":{"0":0},"branchMap":{"0":{"type":"branch","line":1,"loc":{"start":{"line":1,"column":214},"end":{"line":1,"column":214}},"locations":[{"start":{"line":1,"column":214},"end":{"line":1,"column":214}}]}},"b":{"0":[0]},"fnMap":{"0":{"name":"(empty-report)","decl":{"start":{"line":1,"column":214},"end":{"line":1,"column":214}},"loc":{"start":{"line":1,"column":214},"end":{"line":1,"column":214}},"line":1}},"f":{"0":0}}
,"D:\\monorepo-pnpm\\packages\\pkgd\\dist\\pkgd.js": {"path":"D:\\monorepo-pnpm\\packages\\pkgd\\dist\\pkgd.js","all":true,"statementMap":{"0":{"start":{"line":1,"column":0},"end":{"line":1,"column":15}},"1":{"start":{"line":2,"column":0},"end":{"line":2,"column":12}},"2":{"start":{"line":3,"column":0},"end":{"line":3,"column":20}},"3":{"start":{"line":4,"column":0},"end":{"line":4,"column":41}},"4":{"start":{"line":5,"column":0},"end":{"line":5,"column":4}},"5":{"start":{"line":6,"column":0},"end":{"line":6,"column":50}},"6":{"start":{"line":7,"column":0},"end":{"line":7,"column":1}}},"s":{"0":0,"1":0,"2":0,"3":0,"4":0,"5":0,"6":0},"branchMap":{"0":{"type":"branch","line":1,"loc":{"start":{"line":1,"column":181},"end":{"line":10,"column":2}},"locations":[{"start":{"line":1,"column":181},"end":{"line":10,"column":2}}]}},"b":{"0":[0]},"fnMap":{"0":{"name":"(empty-report)","decl":{"start":{"line":1,"column":181},"end":{"line":10,"column":2}},"loc":{"start":{"line":1,"column":181},"end":{"line":10,"column":2}},"line":1}},"f":{"0":0}}
,"D:\\monorepo-pnpm\\packages\\pkgd\\dist\\pkgd.umd.cjs": {"path":"D:\\monorepo-pnpm\\packages\\pkgd\\dist\\pkgd.umd.cjs","all":true,"statementMap":{"0":{"start":{"line":1,"column":0},"end":{"line":1,"column":411}}},"s":{"0":0},"branchMap":{"0":{"type":"branch","line":1,"loc":{"start":{"line":1,"column":411},"end":{"line":1,"column":411}},"locations":[{"start":{"line":1,"column":411},"end":{"line":1,"column":411}}]}},"b":{"0":[0]},"fnMap":{"0":{"name":"(empty-report)","decl":{"start":{"line":1,"column":411},"end":{"line":1,"column":411}},"loc":{"start":{"line":1,"column":411},"end":{"line":1,"column":411}},"line":1}},"f":{"0":0}}
,"D:\\monorepo-pnpm\\packages\\pkgd\\example\\main.ts": {"path":"D:\\monorepo-pnpm\\packages\\pkgd\\example\\main.ts","all":true,"statementMap":{"0":{"start":{"line":1,"column":0},"end":{"line":1,"column":20}},"1":{"start":{"line":2,"column":0},"end":{"line":2,"column":45}},"2":{"start":{"line":3,"column":0},"end":{"line":3,"column":42}},"4":{"start":{"line":5,"column":0},"end":{"line":5,"column":61}},"10":{"start":{"line":11,"column":0},"end":{"line":11,"column":80}},"22":{"start":{"line":23,"column":0},"end":{"line":23,"column":68}}},"s":{"0":0,"1":0,"2":0,"4":0,"10":0,"22":0},"branchMap":{"0":{"type":"branch","line":1,"loc":{"start":{"line":1,"column":0},"end":{"line":23,"column":-236}},"locations":[{"start":{"line":1,"column":0},"end":{"line":23,"column":-236}}]}},"b":{"0":[0]},"fnMap":{"0":{"name":"(empty-report)","decl":{"start":{"line":1,"column":0},"end":{"line":23,"column":-236}},"loc":{"start":{"line":1,"column":0},"end":{"line":23,"column":-236}},"line":1}},"f":{"0":0}}
,"D:\\monorepo-pnpm\\packages\\pkgd\\src\\index.ts": {"path":"D:\\monorepo-pnpm\\packages\\pkgd\\src\\index.ts","all":true,"statementMap":{"0":{"start":{"line":1,"column":0},"end":{"line":1,"column":58}},"1":{"start":{"line":2,"column":0},"end":{"line":2,"column":17}},"2":{"start":{"line":3,"column":0},"end":{"line":3,"column":41}},"3":{"start":{"line":4,"column":0},"end":{"line":4,"column":19}},"4":{"start":{"line":5,"column":0},"end":{"line":5,"column":45}},"5":{"start":{"line":6,"column":0},"end":{"line":6,"column":3}},"6":{"start":{"line":7,"column":0},"end":{"line":7,"column":64}},"7":{"start":{"line":8,"column":0},"end":{"line":8,"column":15}},"8":{"start":{"line":9,"column":0},"end":{"line":9,"column":1}}},"s":{"0":0,"1":0,"2":0,"3":0,"4":0,"5":0,"6":0,"7":0,"8":0},"branchMap":{"0":{"type":"branch","line":1,"loc":{"start":{"line":1,"column":271},"end":{"line":9,"column":1}},"locations":[{"start":{"line":1,"column":271},"end":{"line":9,"column":1}}]}},"b":{"0":[0]},"fnMap":{"0":{"name":"(empty-report)","decl":{"start":{"line":1,"column":271},"end":{"line":9,"column":1}},"loc":{"start":{"line":1,"column":271},"end":{"line":9,"column":1}},"line":1}},"f":{"0":0}}
}
